Arguments: 
  C:\Program Files\nodejs\node.exe C:\Users\Vinicius Mazon\AppData\Roaming\npm\node_modules\yarn\bin\yarn.js add typescript

PATH: 
  C:\cmder\bin;C:\cmder\vendor\bin;C:\cmder\vendor\conemu-maximus5\ConEmu\Scripts;C:\cmder\vendor\conemu-maximus5;C:\cmder\vendor\conemu-maximus5\ConEmu;C:\WINDOWS\system32;C:\WINDOWS;C:\WINDOWS\System32\Wbem;C:\WINDOWS\System32\WindowsPowerShell\v1.0\;C:\Program Files\Git\cmd;C:\WINDOWS\System32\OpenSSH\;C:\ProgramData\chocolatey\bin;C:\Program Files\nodejs\;C:\Program Files\Docker\Docker\resources\bin;C:\ProgramData\DockerDesktop\version-bin;C:\Program Files\Intel\WiFi\bin\;C:\Program Files\Common Files\Intel\WirelessCommon\;C:\Users\Vinicius Mazon\AppData\Local\GitHubDesktop\bin;C:\Users\Vinicius Mazon\AppData\Local\Programs\Microsoft VS Code\bin;C:\Users\Vinicius Mazon\AppData\Local\Microsoft\WindowsApps;C:\Users\Vinicius Mazon\AppData\Roaming\npm;C:\cmder;C:\Program Files\Intel\WiFi\bin\;C:\Program Files\Common Files\Intel\WirelessCommon\;C:\Program Files\Git\mingw64\bin;C:\Program Files\Git\usr\bin;C:\cmder\vendor\git-for-windows\cmd;C:\cmder\vendor\git-for-windows\mingw64\bin;C:\cmder\vendor\git-for-windows\usr\bin

Yarn version: 
  1.22.0

Node version: 
  13.7.0

Platform: 
  win32 x64

Trace: 
  Error: getaddrinfo ENOTFOUND registry.yarnpkg.com
      at GetAddrInfoReqWrap.onlookup [as oncomplete] (dns.js:64:26)

npm manifest: 
  {
    "name": "i-adopt-api",
    "version": "1.0.0",
    "main": "index.js",
    "author": "Vinicius Mazon <vnpmazon@gmail.com>",
    "license": "MIT"
  }

yarn manifest: 
  No manifest

Lockfile: 
  No lockfile
